----------------------------------------------------------------------------------------------------------------------------------------------------------------------------------------
      name:  Table2
       log:  C:\Users\BoonHan\Dropbox\University\Research\Projects\Beliefs-Effort_Luck\STATA\Paper-Final\Logs/Table2.log
  log type:  text
 opened on:   6 Jul 2021, 09:30:40

. use "Data/Exp1-cleaned-long.dta", clear

. 
. qui probit LGHighEff DGGivePerc RGInvestPerc i.LA i.HA i.GA i.LGGame i.OrderRAGA i.OrderLAHA, vce(cluster ID)

. margins, dydx(*) post

Average marginal effects                        Number of obs     =      1,632
Model VCE    : Robust

Expression   : Pr(LGHighEff), predict()
dy/dx w.r.t. : DGGivePerc RGInvestPerc 1.LA 1.HA 1.GA 1.LGGame 1.OrderRAGA 1.OrderLAHA

------------------------------------------------------------------------------
             |            Delta-method
             |      dy/dx   Std. Err.      z    P>|z|     [95% Conf. Interval]
-------------+----------------------------------------------------------------
  DGGivePerc |   .0040527   .0009749     4.16   0.000     .0021419    .0059636
RGInvestPerc |  -.0007346   .0007204    -1.02   0.308    -.0021467    .0006774
        1.LA |  -.0439684   .0257271    -1.71   0.087    -.0943926    .0064558
        1.HA |   .0464139   .0293152     1.58   0.113    -.0110427    .1038706
        1.GA |   .0399454   .0290107     1.38   0.169    -.0169145    .0968053
    1.LGGame |   -.067165   .0222321    -3.02   0.003    -.1107392   -.0235908
 1.OrderRAGA |  -.0544185   .0391414    -1.39   0.164    -.1311343    .0222972
 1.OrderLAHA |  -.0380655   .0402552    -0.95   0.344    -.1169642    .0408332
------------------------------------------------------------------------------
Note: dy/dx for factor levels is the discrete change from the base level.

. outreg2 using "Tables/Table2", label alpha(0.01, 0.05, 0.10) ctitle("Dependent variable:", "=1 if DM chooses e_H") bdec(3) sdec(3) replace excel tex
Tables/Table2.tex
Tables/Table2.xml
dir : seeout

. 
. capture log close _all
