----------------------------------------------------------------------------------------------------------------------------------------------------------------------------------------
      name:  TableD6
       log:  C:\Users\BoonHan\Dropbox\University\Research\Projects\Beliefs-Effort_Luck\STATA\Paper-Final\Logs/TableD6.log
  log type:  text
 opened on:   5 Jul 2021, 17:00:48

. use "Data/Exp1-cleaned-long-state.dta", clear

. 
. * Column 1 - drop a round if there are no updates in either direction
. preserve

. bys ID Treatment: egen BeliefNoneTotalRound=sum(BeliefNone)

. drop if BeliefNoneTotalRound==2
(572 observations deleted)

. 
. reg LogitPosterior LogitUnconditional LogitStateGood LogitStateBad, nocon vce(cluster ID)

Linear regression                               Number of obs     =      2,692
                                                F(3, 248)         =     147.32
                                                Prob > F          =     0.0000
                                                R-squared         =     0.3464
                                                Root MSE          =     1.9524

                                         (Std. Err. adjusted for 249 clusters in ID)
------------------------------------------------------------------------------------
                   |               Robust
    LogitPosterior |      Coef.   Std. Err.      t    P>|t|     [95% Conf. Interval]
-------------------+----------------------------------------------------------------
LogitUnconditional |    .465295   .0465497    10.00   0.000     .3736119    .5569782
    LogitStateGood |   .7150944    .078471     9.11   0.000     .5605399    .8696489
     LogitStateBad |   .9566476   .0779199    12.28   0.000     .8031784    1.110117
------------------------------------------------------------------------------------

. 
. lincom LogitUnconditional-1

 ( 1)  LogitUnconditional = 1

------------------------------------------------------------------------------
LogitPoste~r |      Coef.   Std. Err.      t    P>|t|     [95% Conf. Interval]
-------------+----------------------------------------------------------------
         (1) |   -.534705   .0465497   -11.49   0.000    -.6263881   -.4430218
------------------------------------------------------------------------------

. local est1 = r(estimate)

. local tstat1 = r(estimate)/r(se)

. local pval1 = tprob(r(df), abs(`tstat1'))

. 
. lincom LogitStateGood-1

 ( 1)  LogitStateGood = 1

------------------------------------------------------------------------------
LogitPoste~r |      Coef.   Std. Err.      t    P>|t|     [95% Conf. Interval]
-------------+----------------------------------------------------------------
         (1) |  -.2849056    .078471    -3.63   0.000    -.4394601   -.1303511
------------------------------------------------------------------------------

. local est2 = r(estimate)

. local tstat2 = r(estimate)/r(se)

. local pval2 = tprob(r(df), abs(`tstat2'))

. 
. lincom LogitStateBad-1

 ( 1)  LogitStateBad = 1

------------------------------------------------------------------------------
LogitPoste~r |      Coef.   Std. Err.      t    P>|t|     [95% Conf. Interval]
-------------+----------------------------------------------------------------
         (1) |  -.0433524   .0779199    -0.56   0.578    -.1968216    .1101168
------------------------------------------------------------------------------

. local est3 = r(estimate)

. local tstat3 = r(estimate)/r(se)

. local pval3 = tprob(r(df), abs(`tstat3'))

. 
. lincom LogitStateGood-LogitStateBad

 ( 1)  LogitStateGood - LogitStateBad = 0

------------------------------------------------------------------------------
LogitPoste~r |      Coef.   Std. Err.      t    P>|t|     [95% Conf. Interval]
-------------+----------------------------------------------------------------
         (1) |  -.2415533   .1201982    -2.01   0.046    -.4782927   -.0048138
------------------------------------------------------------------------------

. local est4 = r(estimate)

. local tstat4 = r(estimate)/r(se)

. local pval4 = tprob(r(df), abs(`tstat4'))

. 
. outreg2 using "Tables/TableD6", label ctitle("Dependent variable: Logit(posterior)", "Include only subject-rounds with updates") ///
>         adds(delta,`est1',t-stat_delta,`tstat1',p-val_delta,`pval1', ///
>         gammaG,`est2',t-stat_gammaG,`tstat2',p-val_gammaG,`pval2', ///
>         gammaB,`est3',t-stat_gammaB,`tstat3',p-val_gammaB,`pval3', ///
>         gammaG=gammaB,`est4',t-stat_gammaG=gammaB,`tstat4',p-val_gammaG=gammaB,`pval4') bdec(3) sdec(3) replace tex excel noas
Tables/TableD6.tex
Tables/TableD6.xml
dir : seeout

. restore

. 
. * Column 2 - include only subjects with updates in all rounds
. preserve

. bys ID: egen BeliefNoneTotalRound=sum(BeliefNone)

. drop if BeliefNoneTotalRound>=1
(2,436 observations deleted)

. 
. reg LogitPosterior LogitUnconditional LogitStateGood LogitStateBad, nocon vce(cluster ID)

Linear regression                               Number of obs     =        828
                                                F(3, 68)          =      93.28
                                                Prob > F          =     0.0000
                                                R-squared         =     0.4646
                                                Root MSE          =     1.4155

                                          (Std. Err. adjusted for 69 clusters in ID)
------------------------------------------------------------------------------------
                   |               Robust
    LogitPosterior |      Coef.   Std. Err.      t    P>|t|     [95% Conf. Interval]
-------------------+----------------------------------------------------------------
LogitUnconditional |   .5464459   .1364612     4.00   0.000     .2741418    .8187501
    LogitStateGood |   .6736858   .1288232     5.23   0.000     .4166231    .9307486
     LogitStateBad |   1.147538   .0969362    11.84   0.000     .9541046    1.340971
------------------------------------------------------------------------------------

. 
. lincom LogitUnconditional-1

 ( 1)  LogitUnconditional = 1

------------------------------------------------------------------------------
LogitPoste~r |      Coef.   Std. Err.      t    P>|t|     [95% Conf. Interval]
-------------+----------------------------------------------------------------
         (1) |  -.4535541   .1364612    -3.32   0.001    -.7258582   -.1812499
------------------------------------------------------------------------------

. local est1 = r(estimate)

. local tstat1 = r(estimate)/r(se)

. local pval1 = tprob(r(df), abs(`tstat1'))

. 
. lincom LogitStateGood-1

 ( 1)  LogitStateGood = 1

------------------------------------------------------------------------------
LogitPoste~r |      Coef.   Std. Err.      t    P>|t|     [95% Conf. Interval]
-------------+----------------------------------------------------------------
         (1) |  -.3263142   .1288232    -2.53   0.014    -.5833769   -.0692514
------------------------------------------------------------------------------

. local est2 = r(estimate)

. local tstat2 = r(estimate)/r(se)

. local pval2 = tprob(r(df), abs(`tstat2'))

. 
. lincom LogitStateBad-1

 ( 1)  LogitStateBad = 1

------------------------------------------------------------------------------
LogitPoste~r |      Coef.   Std. Err.      t    P>|t|     [95% Conf. Interval]
-------------+----------------------------------------------------------------
         (1) |   .1475377   .0969362     1.52   0.133    -.0458954    .3409709
------------------------------------------------------------------------------

. local est3 = r(estimate)

. local tstat3 = r(estimate)/r(se)

. local pval3 = tprob(r(df), abs(`tstat3'))

. 
. lincom LogitStateGood-LogitStateBad

 ( 1)  LogitStateGood - LogitStateBad = 0

------------------------------------------------------------------------------
LogitPoste~r |      Coef.   Std. Err.      t    P>|t|     [95% Conf. Interval]
-------------+----------------------------------------------------------------
         (1) |  -.4738519   .1852368    -2.56   0.013    -.8434861   -.1042177
------------------------------------------------------------------------------

. local est4 = r(estimate)

. local tstat4 = r(estimate)/r(se)

. local pval4 = tprob(r(df), abs(`tstat4'))

. 
. outreg2 using "Tables/TableD6", label ctitle("Dependent variable: Logit(posterior)", "Include only subjects with updates in all rounds") ///
>         adds(delta,`est1',t-stat_delta,`tstat1',p-val_delta,`pval1', ///
>         gammaG,`est2',t-stat_gammaG,`tstat2',p-val_gammaG,`pval2', ///
>         gammaB,`est3',t-stat_gammaB,`tstat3',p-val_gammaB,`pval3', ///
>         gammaG=gammaB,`est4',t-stat_gammaG=gammaB,`tstat4',p-val_gammaG=gammaB,`pval4') bdec(3) sdec(3) append tex excel noas
Tables/TableD6.tex
Tables/TableD6.xml
dir : seeout

. restore

. 
. capture log close _all
