----------------------------------------------------------------------------------------------------------------------------------------------------------------------------------------
      name:  TableD7
       log:  C:\Users\BoonHan\Dropbox\University\Research\Projects\Beliefs-Effort_Luck\STATA\Paper-Final\Logs/TableD7.log
  log type:  text
 opened on:   5 Jul 2021, 17:00:49

. use "Data/Exp1-cleaned-long-state.dta", clear

. drop if b_Group2
(276 observations deleted)

. 
. local replace replace

. foreach x of numlist 1/10 {
  2. reg LogitPosterior LogitUnconditional LogitStateGood LogitStateBad if BeliefIncTotal<`x', nocon vce(cluster ID)
  3. 
. lincom LogitUnconditional-1
  4. local est1 = r(estimate)
  5. local tstat1 = r(estimate)/r(se)
  6. local pval1 = tprob(r(df), abs(`tstat1'))
  7. 
. lincom LogitStateGood-1
  8. local est2 = r(estimate)
  9. local tstat2 = r(estimate)/r(se)
 10. local pval2 = tprob(r(df), abs(`tstat2'))
 11. 
. lincom LogitStateBad-1
 12. local est3 = r(estimate)
 13. local tstat3 = r(estimate)/r(se)
 14. local pval3 = tprob(r(df), abs(`tstat3'))
 15. 
. lincom LogitStateGood-LogitStateBad
 16. local est4 = r(estimate)
 17. local tstat4 = r(estimate)/r(se)
 18. local pval4 = tprob(r(df), abs(`tstat4'))
 19. 
. outreg2 using "Tables/TableD7", label ctitle("Dependent variable: Logit(posterior)", ">= `x'") ///
>         adds(delta,`est1',t-stat_delta,`tstat1',p-val_delta,`pval1', ///
>         gammaG,`est2',t-stat_gammaG,`tstat2',p-val_gammaG,`pval2', ///
>         gammaB,`est3',t-stat_gammaB,`tstat3',p-val_gammaB,`pval3', ///
>         gammaG=gammaB,`est4',t-stat_gammaG=gammaB,`tstat4',p-val_gammaG=gammaB,`pval4') bdec(3) sdec(3) `replace' tex excel noas
 20. local replace append
 21. }

Linear regression                               Number of obs     =      1,620
                                                F(3, 134)         =     540.99
                                                Prob > F          =     0.0000
                                                R-squared         =     0.7095
                                                Root MSE          =     1.5836

                                         (Std. Err. adjusted for 135 clusters in ID)
------------------------------------------------------------------------------------
                   |               Robust
    LogitPosterior |      Coef.   Std. Err.      t    P>|t|     [95% Conf. Interval]
-------------------+----------------------------------------------------------------
LogitUnconditional |    .783033   .0397569    19.70   0.000     .7044007    .8616652
    LogitStateGood |   .7860137   .0600049    13.10   0.000     .6673345    .9046929
     LogitStateBad |    1.07166   .0878614    12.20   0.000     .8978856    1.245435
------------------------------------------------------------------------------------

 ( 1)  LogitUnconditional = 1

------------------------------------------------------------------------------
LogitPoste~r |      Coef.   Std. Err.      t    P>|t|     [95% Conf. Interval]
-------------+----------------------------------------------------------------
         (1) |   -.216967   .0397569    -5.46   0.000    -.2955993   -.1383348
------------------------------------------------------------------------------

 ( 1)  LogitStateGood = 1

------------------------------------------------------------------------------
LogitPoste~r |      Coef.   Std. Err.      t    P>|t|     [95% Conf. Interval]
-------------+----------------------------------------------------------------
         (1) |  -.2139863   .0600049    -3.57   0.001    -.3326655   -.0953071
------------------------------------------------------------------------------

 ( 1)  LogitStateBad = 1

------------------------------------------------------------------------------
LogitPoste~r |      Coef.   Std. Err.      t    P>|t|     [95% Conf. Interval]
-------------+----------------------------------------------------------------
         (1) |   .0716602   .0878614     0.82   0.416    -.1021144    .2454347
------------------------------------------------------------------------------

 ( 1)  LogitStateGood - LogitStateBad = 0

------------------------------------------------------------------------------
LogitPoste~r |      Coef.   Std. Err.      t    P>|t|     [95% Conf. Interval]
-------------+----------------------------------------------------------------
         (1) |  -.2856465     .08398    -3.40   0.001    -.4517444   -.1195486
------------------------------------------------------------------------------
Tables/TableD7.tex
Tables/TableD7.xml
dir : seeout

Linear regression                               Number of obs     =      2,076
                                                F(3, 172)         =     487.53
                                                Prob > F          =     0.0000
                                                R-squared         =     0.6920
                                                Root MSE          =     1.5357

                                         (Std. Err. adjusted for 173 clusters in ID)
------------------------------------------------------------------------------------
                   |               Robust
    LogitPosterior |      Coef.   Std. Err.      t    P>|t|     [95% Conf. Interval]
-------------------+----------------------------------------------------------------
LogitUnconditional |   .7588339   .0378756    20.03   0.000     .6840731    .8335948
    LogitStateGood |   .7276913    .054899    13.26   0.000     .6193288    .8360538
     LogitStateBad |   1.030035   .0735593    14.00   0.000     .8848402    1.175231
------------------------------------------------------------------------------------

 ( 1)  LogitUnconditional = 1

------------------------------------------------------------------------------
LogitPoste~r |      Coef.   Std. Err.      t    P>|t|     [95% Conf. Interval]
-------------+----------------------------------------------------------------
         (1) |  -.2411661   .0378756    -6.37   0.000    -.3159269   -.1664052
------------------------------------------------------------------------------

 ( 1)  LogitStateGood = 1

------------------------------------------------------------------------------
LogitPoste~r |      Coef.   Std. Err.      t    P>|t|     [95% Conf. Interval]
-------------+----------------------------------------------------------------
         (1) |  -.2723087    .054899    -4.96   0.000    -.3806712   -.1639462
------------------------------------------------------------------------------

 ( 1)  LogitStateBad = 1

------------------------------------------------------------------------------
LogitPoste~r |      Coef.   Std. Err.      t    P>|t|     [95% Conf. Interval]
-------------+----------------------------------------------------------------
         (1) |   .0300354   .0735593     0.41   0.684    -.1151598    .1752306
------------------------------------------------------------------------------

 ( 1)  LogitStateGood - LogitStateBad = 0

------------------------------------------------------------------------------
LogitPoste~r |      Coef.   Std. Err.      t    P>|t|     [95% Conf. Interval]
-------------+----------------------------------------------------------------
         (1) |  -.3023441   .0717158    -4.22   0.000    -.4439006   -.1607877
------------------------------------------------------------------------------
Tables/TableD7.tex
Tables/TableD7.xml
dir : seeout

Linear regression                               Number of obs     =      2,460
                                                F(3, 204)         =     366.03
                                                Prob > F          =     0.0000
                                                R-squared         =     0.6078
                                                Root MSE          =     1.7304

                                         (Std. Err. adjusted for 205 clusters in ID)
------------------------------------------------------------------------------------
                   |               Robust
    LogitPosterior |      Coef.   Std. Err.      t    P>|t|     [95% Conf. Interval]
-------------------+----------------------------------------------------------------
LogitUnconditional |   .6946426   .0392318    17.71   0.000     .6172909    .7719944
    LogitStateGood |   .7505328   .0514833    14.58   0.000     .6490252    .8520404
     LogitStateBad |     .96574    .066603    14.50   0.000     .8344215    1.097058
------------------------------------------------------------------------------------

 ( 1)  LogitUnconditional = 1

------------------------------------------------------------------------------
LogitPoste~r |      Coef.   Std. Err.      t    P>|t|     [95% Conf. Interval]
-------------+----------------------------------------------------------------
         (1) |  -.3053574   .0392318    -7.78   0.000    -.3827091   -.2280056
------------------------------------------------------------------------------

 ( 1)  LogitStateGood = 1

------------------------------------------------------------------------------
LogitPoste~r |      Coef.   Std. Err.      t    P>|t|     [95% Conf. Interval]
-------------+----------------------------------------------------------------
         (1) |  -.2494672   .0514833    -4.85   0.000    -.3509748   -.1479596
------------------------------------------------------------------------------

 ( 1)  LogitStateBad = 1

------------------------------------------------------------------------------
LogitPoste~r |      Coef.   Std. Err.      t    P>|t|     [95% Conf. Interval]
-------------+----------------------------------------------------------------
         (1) |    -.03426    .066603    -0.51   0.608    -.1655785    .0970584
------------------------------------------------------------------------------

 ( 1)  LogitStateGood - LogitStateBad = 0

------------------------------------------------------------------------------
LogitPoste~r |      Coef.   Std. Err.      t    P>|t|     [95% Conf. Interval]
-------------+----------------------------------------------------------------
         (1) |  -.2152071   .0674614    -3.19   0.002    -.3482182   -.0821961
------------------------------------------------------------------------------
Tables/TableD7.tex
Tables/TableD7.xml
dir : seeout

Linear regression                               Number of obs     =      2,652
                                                F(3, 220)         =     316.83
                                                Prob > F          =     0.0000
                                                R-squared         =     0.5648
                                                Root MSE          =     1.8301

                                         (Std. Err. adjusted for 221 clusters in ID)
------------------------------------------------------------------------------------
                   |               Robust
    LogitPosterior |      Coef.   Std. Err.      t    P>|t|     [95% Conf. Interval]
-------------------+----------------------------------------------------------------
LogitUnconditional |   .6674866   .0393842    16.95   0.000      .589868    .7451052
    LogitStateGood |   .7520528   .0517577    14.53   0.000     .6500484    .8540571
     LogitStateBad |   .9020305   .0677896    13.31   0.000     .7684304    1.035631
------------------------------------------------------------------------------------

 ( 1)  LogitUnconditional = 1

------------------------------------------------------------------------------
LogitPoste~r |      Coef.   Std. Err.      t    P>|t|     [95% Conf. Interval]
-------------+----------------------------------------------------------------
         (1) |  -.3325134   .0393842    -8.44   0.000     -.410132   -.2548948
------------------------------------------------------------------------------

 ( 1)  LogitStateGood = 1

------------------------------------------------------------------------------
LogitPoste~r |      Coef.   Std. Err.      t    P>|t|     [95% Conf. Interval]
-------------+----------------------------------------------------------------
         (1) |  -.2479472   .0517577    -4.79   0.000    -.3499516   -.1459429
------------------------------------------------------------------------------

 ( 1)  LogitStateBad = 1

------------------------------------------------------------------------------
LogitPoste~r |      Coef.   Std. Err.      t    P>|t|     [95% Conf. Interval]
-------------+----------------------------------------------------------------
         (1) |  -.0979695   .0677896    -1.45   0.150    -.2315696    .0356306
------------------------------------------------------------------------------

 ( 1)  LogitStateGood - LogitStateBad = 0

------------------------------------------------------------------------------
LogitPoste~r |      Coef.   Std. Err.      t    P>|t|     [95% Conf. Interval]
-------------+----------------------------------------------------------------
         (1) |  -.1499777   .0728765    -2.06   0.041    -.2936032   -.0063523
------------------------------------------------------------------------------
Tables/TableD7.tex
Tables/TableD7.xml
dir : seeout

Linear regression                               Number of obs     =      2,748
                                                F(3, 228)         =     260.54
                                                Prob > F          =     0.0000
                                                R-squared         =     0.5476
                                                Root MSE          =     1.8545

                                         (Std. Err. adjusted for 229 clusters in ID)
------------------------------------------------------------------------------------
                   |               Robust
    LogitPosterior |      Coef.   Std. Err.      t    P>|t|     [95% Conf. Interval]
-------------------+----------------------------------------------------------------
LogitUnconditional |   .6502966   .0418107    15.55   0.000     .5679118    .7326813
    LogitStateGood |   .7424181   .0518134    14.33   0.000     .6403239    .8445124
     LogitStateBad |   .8733899   .0669011    13.05   0.000     .7415664    1.005213
------------------------------------------------------------------------------------

 ( 1)  LogitUnconditional = 1

------------------------------------------------------------------------------
LogitPoste~r |      Coef.   Std. Err.      t    P>|t|     [95% Conf. Interval]
-------------+----------------------------------------------------------------
         (1) |  -.3497034   .0418107    -8.36   0.000    -.4320882   -.2673187
------------------------------------------------------------------------------

 ( 1)  LogitStateGood = 1

------------------------------------------------------------------------------
LogitPoste~r |      Coef.   Std. Err.      t    P>|t|     [95% Conf. Interval]
-------------+----------------------------------------------------------------
         (1) |  -.2575819   .0518134    -4.97   0.000    -.3596761   -.1554876
------------------------------------------------------------------------------

 ( 1)  LogitStateBad = 1

------------------------------------------------------------------------------
LogitPoste~r |      Coef.   Std. Err.      t    P>|t|     [95% Conf. Interval]
-------------+----------------------------------------------------------------
         (1) |  -.1266101   .0669011    -1.89   0.060    -.2584336    .0052134
------------------------------------------------------------------------------

 ( 1)  LogitStateGood - LogitStateBad = 0

------------------------------------------------------------------------------
LogitPoste~r |      Coef.   Std. Err.      t    P>|t|     [95% Conf. Interval]
-------------+----------------------------------------------------------------
         (1) |  -.1309718   .0739504    -1.77   0.078    -.2766854    .0147418
------------------------------------------------------------------------------
Tables/TableD7.tex
Tables/TableD7.xml
dir : seeout

Linear regression                               Number of obs     =      2,844
                                                F(3, 236)         =     243.78
                                                Prob > F          =     0.0000
                                                R-squared         =     0.5240
                                                Root MSE          =     1.9415

                                         (Std. Err. adjusted for 237 clusters in ID)
------------------------------------------------------------------------------------
                   |               Robust
    LogitPosterior |      Coef.   Std. Err.      t    P>|t|     [95% Conf. Interval]
-------------------+----------------------------------------------------------------
LogitUnconditional |   .6522898   .0414835    15.72   0.000     .5705645    .7340151
    LogitStateGood |   .6612956   .0643656    10.27   0.000     .5344912    .7881001
     LogitStateBad |   .9231041   .0724153    12.75   0.000     .7804411    1.065767
------------------------------------------------------------------------------------

 ( 1)  LogitUnconditional = 1

------------------------------------------------------------------------------
LogitPoste~r |      Coef.   Std. Err.      t    P>|t|     [95% Conf. Interval]
-------------+----------------------------------------------------------------
         (1) |  -.3477102   .0414835    -8.38   0.000    -.4294355   -.2659849
------------------------------------------------------------------------------

 ( 1)  LogitStateGood = 1

------------------------------------------------------------------------------
LogitPoste~r |      Coef.   Std. Err.      t    P>|t|     [95% Conf. Interval]
-------------+----------------------------------------------------------------
         (1) |  -.3387044   .0643656    -5.26   0.000    -.4655088   -.2118999
------------------------------------------------------------------------------

 ( 1)  LogitStateBad = 1

------------------------------------------------------------------------------
LogitPoste~r |      Coef.   Std. Err.      t    P>|t|     [95% Conf. Interval]
-------------+----------------------------------------------------------------
         (1) |  -.0768959   .0724153    -1.06   0.289    -.2195589    .0657671
------------------------------------------------------------------------------

 ( 1)  LogitStateGood - LogitStateBad = 0

------------------------------------------------------------------------------
LogitPoste~r |      Coef.   Std. Err.      t    P>|t|     [95% Conf. Interval]
-------------+----------------------------------------------------------------
         (1) |  -.2618085   .1016826    -2.57   0.011    -.4621299    -.061487
------------------------------------------------------------------------------
Tables/TableD7.tex
Tables/TableD7.xml
dir : seeout

Linear regression                               Number of obs     =      2,904
                                                F(3, 241)         =     246.34
                                                Prob > F          =     0.0000
                                                R-squared         =     0.5182
                                                Root MSE          =     1.9545

                                         (Std. Err. adjusted for 242 clusters in ID)
------------------------------------------------------------------------------------
                   |               Robust
    LogitPosterior |      Coef.   Std. Err.      t    P>|t|     [95% Conf. Interval]
-------------------+----------------------------------------------------------------
LogitUnconditional |   .6534612   .0414112    15.78   0.000      .571887    .7350353
    LogitStateGood |   .6529723   .0656957     9.94   0.000     .5235611    .7823834
     LogitStateBad |   .9134163   .0723185    12.63   0.000     .7709592    1.055873
------------------------------------------------------------------------------------

 ( 1)  LogitUnconditional = 1

------------------------------------------------------------------------------
LogitPoste~r |      Coef.   Std. Err.      t    P>|t|     [95% Conf. Interval]
-------------+----------------------------------------------------------------
         (1) |  -.3465388   .0414112    -8.37   0.000     -.428113   -.2649647
------------------------------------------------------------------------------

 ( 1)  LogitStateGood = 1

------------------------------------------------------------------------------
LogitPoste~r |      Coef.   Std. Err.      t    P>|t|     [95% Conf. Interval]
-------------+----------------------------------------------------------------
         (1) |  -.3470277   .0656957    -5.28   0.000    -.4764389   -.2176166
------------------------------------------------------------------------------

 ( 1)  LogitStateBad = 1

------------------------------------------------------------------------------
LogitPoste~r |      Coef.   Std. Err.      t    P>|t|     [95% Conf. Interval]
-------------+----------------------------------------------------------------
         (1) |  -.0865837   .0723185    -1.20   0.232    -.2290408    .0558733
------------------------------------------------------------------------------

 ( 1)  LogitStateGood - LogitStateBad = 0

------------------------------------------------------------------------------
LogitPoste~r |      Coef.   Std. Err.      t    P>|t|     [95% Conf. Interval]
-------------+----------------------------------------------------------------
         (1) |   -.260444   .1042202    -2.50   0.013    -.4657428   -.0551452
------------------------------------------------------------------------------
Tables/TableD7.tex
Tables/TableD7.xml
dir : seeout

Linear regression                               Number of obs     =      2,964
                                                F(3, 246)         =     239.21
                                                Prob > F          =     0.0000
                                                R-squared         =     0.5041
                                                Root MSE          =     1.9999

                                         (Std. Err. adjusted for 247 clusters in ID)
------------------------------------------------------------------------------------
                   |               Robust
    LogitPosterior |      Coef.   Std. Err.      t    P>|t|     [95% Conf. Interval]
-------------------+----------------------------------------------------------------
LogitUnconditional |   .6558657   .0412977    15.88   0.000     .5745235    .7372079
    LogitStateGood |   .6068154    .069308     8.76   0.000     .4703025    .7433283
     LogitStateBad |   .9158845    .072041    12.71   0.000     .7739886     1.05778
------------------------------------------------------------------------------------

 ( 1)  LogitUnconditional = 1

------------------------------------------------------------------------------
LogitPoste~r |      Coef.   Std. Err.      t    P>|t|     [95% Conf. Interval]
-------------+----------------------------------------------------------------
         (1) |  -.3441343   .0412977    -8.33   0.000    -.4254765   -.2627921
------------------------------------------------------------------------------

 ( 1)  LogitStateGood = 1

------------------------------------------------------------------------------
LogitPoste~r |      Coef.   Std. Err.      t    P>|t|     [95% Conf. Interval]
-------------+----------------------------------------------------------------
         (1) |  -.3931846    .069308    -5.67   0.000    -.5296975   -.2566717
------------------------------------------------------------------------------

 ( 1)  LogitStateBad = 1

------------------------------------------------------------------------------
LogitPoste~r |      Coef.   Std. Err.      t    P>|t|     [95% Conf. Interval]
-------------+----------------------------------------------------------------
         (1) |  -.0841155    .072041    -1.17   0.244    -.2260114    .0577803
------------------------------------------------------------------------------

 ( 1)  LogitStateGood - LogitStateBad = 0

------------------------------------------------------------------------------
LogitPoste~r |      Coef.   Std. Err.      t    P>|t|     [95% Conf. Interval]
-------------+----------------------------------------------------------------
         (1) |  -.3090691   .1079744    -2.86   0.005    -.5217414   -.0963968
------------------------------------------------------------------------------
Tables/TableD7.tex
Tables/TableD7.xml
dir : seeout

Linear regression                               Number of obs     =      2,976
                                                F(3, 247)         =     238.15
                                                Prob > F          =     0.0000
                                                R-squared         =     0.5034
                                                Root MSE          =     1.9978

                                         (Std. Err. adjusted for 248 clusters in ID)
------------------------------------------------------------------------------------
                   |               Robust
    LogitPosterior |      Coef.   Std. Err.      t    P>|t|     [95% Conf. Interval]
-------------------+----------------------------------------------------------------
LogitUnconditional |    .656262   .0412891    15.89   0.000     .5749385    .7375856
    LogitStateGood |   .6057273    .069038     8.77   0.000      .469749    .7417056
     LogitStateBad |   .9088608   .0720732    12.61   0.000     .7669045    1.050817
------------------------------------------------------------------------------------

 ( 1)  LogitUnconditional = 1

------------------------------------------------------------------------------
LogitPoste~r |      Coef.   Std. Err.      t    P>|t|     [95% Conf. Interval]
-------------+----------------------------------------------------------------
         (1) |   -.343738   .0412891    -8.33   0.000    -.4250615   -.2624144
------------------------------------------------------------------------------

 ( 1)  LogitStateGood = 1

------------------------------------------------------------------------------
LogitPoste~r |      Coef.   Std. Err.      t    P>|t|     [95% Conf. Interval]
-------------+----------------------------------------------------------------
         (1) |  -.3942727    .069038    -5.71   0.000     -.530251   -.2582944
------------------------------------------------------------------------------

 ( 1)  LogitStateBad = 1

------------------------------------------------------------------------------
LogitPoste~r |      Coef.   Std. Err.      t    P>|t|     [95% Conf. Interval]
-------------+----------------------------------------------------------------
         (1) |  -.0911392   .0720732    -1.26   0.207    -.2330955    .0508172
------------------------------------------------------------------------------

 ( 1)  LogitStateGood - LogitStateBad = 0

------------------------------------------------------------------------------
LogitPoste~r |      Coef.   Std. Err.      t    P>|t|     [95% Conf. Interval]
-------------+----------------------------------------------------------------
         (1) |  -.3031335   .1076772    -2.82   0.005    -.5152161   -.0910509
------------------------------------------------------------------------------
Tables/TableD7.tex
Tables/TableD7.xml
dir : seeout

Linear regression                               Number of obs     =      2,988
                                                F(3, 248)         =     236.33
                                                Prob > F          =     0.0000
                                                R-squared         =     0.5025
                                                Root MSE          =     1.9958

                                         (Std. Err. adjusted for 249 clusters in ID)
------------------------------------------------------------------------------------
                   |               Robust
    LogitPosterior |      Coef.   Std. Err.      t    P>|t|     [95% Conf. Interval]
-------------------+----------------------------------------------------------------
LogitUnconditional |   .6562404   .0412867    15.89   0.000     .5749231    .7375577
    LogitStateGood |   .6015786   .0688861     8.73   0.000     .4659022     .737255
     LogitStateBad |   .9045557   .0719027    12.58   0.000      .762938    1.046173
------------------------------------------------------------------------------------

 ( 1)  LogitUnconditional = 1

------------------------------------------------------------------------------
LogitPoste~r |      Coef.   Std. Err.      t    P>|t|     [95% Conf. Interval]
-------------+----------------------------------------------------------------
         (1) |  -.3437596   .0412867    -8.33   0.000    -.4250769   -.2624423
------------------------------------------------------------------------------

 ( 1)  LogitStateGood = 1

------------------------------------------------------------------------------
LogitPoste~r |      Coef.   Std. Err.      t    P>|t|     [95% Conf. Interval]
-------------+----------------------------------------------------------------
         (1) |  -.3984214   .0688861    -5.78   0.000    -.5340978    -.262745
------------------------------------------------------------------------------

 ( 1)  LogitStateBad = 1

------------------------------------------------------------------------------
LogitPoste~r |      Coef.   Std. Err.      t    P>|t|     [95% Conf. Interval]
-------------+----------------------------------------------------------------
         (1) |  -.0954443   .0719027    -1.33   0.186     -.237062    .0461735
------------------------------------------------------------------------------

 ( 1)  LogitStateGood - LogitStateBad = 0

------------------------------------------------------------------------------
LogitPoste~r |      Coef.   Std. Err.      t    P>|t|     [95% Conf. Interval]
-------------+----------------------------------------------------------------
         (1) |  -.3029771   .1072323    -2.83   0.005    -.5141792    -.091775
------------------------------------------------------------------------------
Tables/TableD7.tex
Tables/TableD7.xml
dir : seeout

. 
. capture log close _all
